<?xml version="1.0" encoding="UTF-8" ?>
<testsuite tests="5" failures="0" name="org.sentillo.gepard.jumps.JumpParserTest" time="0.009" errors="0" skipped="0">
  <properties>
[...]
</properties>
  <testcase classname="org.sentillo.gepard.jumps.JumpParserTest" name="org.sentillo.gepard.jumps.JumpParserTest.testParserStartCoords" time="0.009"/>
  <testcase classname="org.sentillo.gepard.jumps.JumpParserTest" name="org.sentillo.gepard.jumps.JumpParserTest.testParserStopCoords" time="0"/>
  <testcase classname="org.sentillo.gepard.jumps.JumpParserTest" name="org.sentillo.gepard.jumps.JumpParserTest.testParserNameSet" time="0"/>
  <testcase classname="org.sentillo.gepard.jumps.JumpParserTest" name="org.sentillo.gepard.jumps.JumpParserTest.testOnEmptyCommand" time="0"/>
  <testcase classname="org.sentillo.gepard.jumps.JumpParserTest" name="org.sentillo.gepard.jumps.JumpParserTest.testOnCommand" time="0"/>
</testsuite>